c:\users\lhawk\onedrive\projects\shit\shit\debug\vc142.pdb
c:\users\lhawk\onedrive\projects\shit\shit\debug\vc142.idb
c:\users\lhawk\onedrive\projects\shit\shit\debug\main.obj
c:\users\lhawk\onedrive\projects\shit\shit\debug\add.obj
c:\users\lhawk\onedrive\projects\shit\shit\debug\object.obj
c:\users\lhawk\onedrive\projects\shit\shit\debug\commit.obj
c:\users\lhawk\onedrive\projects\shit\shit\debug\snapshot.obj
c:\users\lhawk\onedrive\projects\shit\shit\debug\file.obj
c:\users\lhawk\onedrive\projects\shit\shit\debug\sha1.obj
c:\users\lhawk\onedrive\projects\shit\shit\debug\workingdirectory.obj
c:\users\lhawk\stuff\projects\shit\shit\debug\vc142.pdb
c:\users\lhawk\stuff\projects\shit\shit\debug\vc142.idb
c:\users\lhawk\stuff\projects\shit\shit\debug\workingdirectory.obj
c:\users\lhawk\stuff\projects\shit\shit\debug\snapshot.obj
c:\users\lhawk\stuff\projects\shit\shit\debug\sha1.obj
c:\users\lhawk\stuff\projects\shit\shit\debug\object.obj
c:\users\lhawk\stuff\projects\shit\shit\debug\main.obj
c:\users\lhawk\stuff\projects\shit\shit\debug\file.obj
c:\users\lhawk\stuff\projects\shit\shit\debug\commit.obj
c:\users\lhawk\stuff\projects\shit\shit\debug\add.obj
c:\users\lhawk\stuff\projects\shit\shit\debug\branch.obj
c:\users\lhawk\stuff\projects\shit\shit\debug\find.obj
c:\users\lhawk\stuff\projects\shit\shit\debug\glob_win32.obj
c:\users\lhawk\stuff\projects\shit\shit\debug\commands.obj
c:\users\lhawk\stuff\projects\shit\shit\debug\shit.obj
c:\users\lhawk\stuff\projects\shit\shit\debug\strutil.obj
c:\users\lhawk\stuff\projects\shit\shit\debug\source.obj
c:\users\lhawk\stuff\projects\shit\shit\debug\remoteserver.obj
c:\users\lhawk\stuff\projects\shit\shit\debug\putendpoint.obj
c:\users\lhawk\stuff\projects\shit\shit\debug\handler.obj
c:\users\lhawk\stuff\projects\shit\shit\debug\cors.obj
c:\users\lhawk\stuff\projects\shit\shit\debug\apirest.obj
c:\users\lhawk\stuff\projects\shit\shit\debug\apimethodendpoint.obj
c:\users\lhawk\stuff\projects\shit\shit\debug\getendpoint.obj
c:\users\lhawk\stuff\projects\shit\shit\debug\push.obj
c:\users\lhawk\stuff\projects\shit\shit\debug\client.obj
c:\users\lhawk\stuff\projects\shit\shit\debug\host.obj
c:\users\lhawk\stuff\projects\shit\shit\debug\init.obj
c:\users\lhawk\stuff\projects\shit\shit\debug\getfilechangesendpoint.obj
c:\users\lhawk\onedrive\projects\shit\debug\shit.exe
c:\users\lhawk\onedrive\projects\shit\debug\shit.ilk
c:\users\lhawk\onedrive\projects\shit\debug\shit.pdb
c:\users\lhawk\stuff\projects\shit\shit\debug\file.new.obj.enc
c:\users\lhawk\stuff\projects\shit\shit\debug\main.new.obj.enc
c:\users\lhawk\stuff\projects\shit\shit\debug\snapshot.new.obj.enc
c:\users\lhawk\stuff\projects\shit\debug\shit.pdb
c:\users\lhawk\stuff\projects\shit\debug\shit.exe
c:\users\lhawk\stuff\projects\shit\debug\shit.ilk
c:\users\lhawk\stuff\projects\shit\shit\debug\shit.tlog\cl.command.1.tlog
c:\users\lhawk\stuff\projects\shit\shit\debug\shit.tlog\cl.read.1.tlog
c:\users\lhawk\stuff\projects\shit\shit\debug\shit.tlog\cl.write.1.tlog
c:\users\lhawk\stuff\projects\shit\shit\debug\shit.tlog\link.command.1.tlog
c:\users\lhawk\stuff\projects\shit\shit\debug\shit.tlog\link.read.1.tlog
c:\users\lhawk\stuff\projects\shit\shit\debug\shit.tlog\link.write.1.tlog
