  ApiMethodEndPoint.cpp
C:\Users\lhawk\Stuff\projects\LukeRest\LukeRest\ApiMethodEndPoint.h(5,10): fatal error C1083: Cannot open include file: 'cpprest/http_msg.h': No such file or directory
  ApiRest.cpp
C:\Users\lhawk\Stuff\projects\LukeRest\LukeRest\stdfx.h(18,10): fatal error C1083: Cannot open include file: 'cpprest/json.h': No such file or directory
  AuthorizationRequest.cpp
C:\Users\lhawk\Stuff\projects\LukeRest\LukeRest\AuthorizationRequirments.h(3,10): fatal error C1083: Cannot open include file: 'jwt-cpp/jwt.h': No such file or directory
  AuthorizationRequirments.cpp
C:\Users\lhawk\Stuff\projects\LukeRest\LukeRest\AuthorizationRequirments.h(3,10): fatal error C1083: Cannot open include file: 'jwt-cpp/jwt.h': No such file or directory
  GetOrders.cpp
C:\Users\lhawk\Stuff\projects\LukeRest\LukeRest\stdfx.h(18,10): fatal error C1083: Cannot open include file: 'cpprest/json.h': No such file or directory
  Handler.cpp
C:\Users\lhawk\Stuff\projects\LukeRest\LukeRest\stdfx.h(18,10): fatal error C1083: Cannot open include file: 'cpprest/json.h': No such file or directory
  PlaceOrder.cpp
C:\Users\lhawk\Stuff\projects\LukeRest\LukeRest\stdfx.h(18,10): fatal error C1083: Cannot open include file: 'cpprest/json.h': No such file or directory
  Source.cpp
C:\Users\lhawk\Stuff\projects\LukeRest\LukeRest\stdfx.h(18,10): fatal error C1083: Cannot open include file: 'cpprest/json.h': No such file or directory
  strutil.cpp
C:\Program Files (x86)\Microsoft Visual Studio\2019\Community\VC\Tools\MSVC\14.28.29333\include\xstring(2468,23): warning C4244: 'argument': conversion from 'const wchar_t' to 'const _Elem', possible loss of data
          with
          [
              _Elem=char
          ]
C:\Program Files (x86)\Microsoft Visual Studio\2019\Community\VC\Tools\MSVC\14.28.29333\include\xstring(2479): message : see reference to function template instantiation 'void std::basic_string<char,std::char_traits<char>,std::allocator<char>>::_Construct<const wchar_t*>(_Iter,const _Iter,std::input_iterator_tag)' being compiled
          with
          [
              _Iter=const wchar_t *
          ]
C:\Program Files (x86)\Microsoft Visual Studio\2019\Community\VC\Tools\MSVC\14.28.29333\include\xstring(2479): message : see reference to function template instantiation 'void std::basic_string<char,std::char_traits<char>,std::allocator<char>>::_Construct<const wchar_t*>(_Iter,const _Iter,std::input_iterator_tag)' being compiled
          with
          [
              _Iter=const wchar_t *
          ]
C:\Program Files (x86)\Microsoft Visual Studio\2019\Community\VC\Tools\MSVC\14.28.29333\include\xstring(2459): message : see reference to function template instantiation 'void std::basic_string<char,std::char_traits<char>,std::allocator<char>>::_Construct<const wchar_t*>(const _Iter,const _Iter,std::forward_iterator_tag)' being compiled
          with
          [
              _Iter=const wchar_t *
          ]
C:\Program Files (x86)\Microsoft Visual Studio\2019\Community\VC\Tools\MSVC\14.28.29333\include\xstring(2459): message : see reference to function template instantiation 'void std::basic_string<char,std::char_traits<char>,std::allocator<char>>::_Construct<const wchar_t*>(const _Iter,const _Iter,std::forward_iterator_tag)' being compiled
          with
          [
              _Iter=const wchar_t *
          ]
C:\Users\lhawk\Stuff\projects\LukeRest\LukeRest\strutil.cpp(6): message : see reference to function template instantiation 'std::basic_string<char,std::char_traits<char>,std::allocator<char>>::basic_string<std::_String_const_iterator<std::_String_val<std::_Simple_types<_Elem>>>,0>(_Iter,_Iter,const _Alloc &)' being compiled
          with
          [
              _Elem=wchar_t,
              _Iter=std::_String_const_iterator<std::_String_val<std::_Simple_types<wchar_t>>>,
              _Alloc=std::allocator<char>
          ]
C:\Users\lhawk\Stuff\projects\LukeRest\LukeRest\strutil.cpp(6): message : see reference to function template instantiation 'std::basic_string<char,std::char_traits<char>,std::allocator<char>>::basic_string<std::_String_const_iterator<std::_String_val<std::_Simple_types<_Elem>>>,0>(_Iter,_Iter,const _Alloc &)' being compiled
          with
          [
              _Elem=wchar_t,
              _Iter=std::_String_const_iterator<std::_String_val<std::_Simple_types<wchar_t>>>,
              _Alloc=std::allocator<char>
          ]
  TradingFascade.cpp
  User.cpp
  UserManagement.cpp
  Generating Code...
