c:\users\lhawk\stuff\projects\lukerest\lukerest\debug\vc142.pdb
c:\users\lhawk\stuff\projects\lukerest\lukerest\debug\vc142.idb
c:\users\lhawk\stuff\projects\lukerest\lukerest\debug\getorders.obj
c:\users\lhawk\stuff\projects\lukerest\lukerest\debug\deleteorder.obj
c:\users\lhawk\stuff\projects\lukerest\lukerest\debug\cors.obj
c:\users\lhawk\stuff\projects\lukerest\lukerest\debug\authorizationrequirments.obj
c:\users\lhawk\stuff\projects\lukerest\lukerest\debug\authorizationrequest.obj
c:\users\lhawk\stuff\projects\lukerest\lukerest\debug\apirest.obj
c:\users\lhawk\stuff\projects\lukerest\lukerest\debug\apimethodendpoint.obj
c:\users\lhawk\stuff\projects\lukerest\lukerest\debug\adduserfunds.obj
c:\users\lhawk\stuff\projects\lukerest\lukerest\debug\usermanagement.obj
c:\users\lhawk\stuff\projects\lukerest\lukerest\debug\userfundsordercontrol.obj
c:\users\lhawk\stuff\projects\lukerest\lukerest\debug\user.obj
c:\users\lhawk\stuff\projects\lukerest\lukerest\debug\stocktradingfascade.obj
c:\users\lhawk\stuff\projects\lukerest\lukerest\debug\stocktrading.obj
c:\users\lhawk\stuff\projects\lukerest\lukerest\debug\stockmarketorders.obj
c:\users\lhawk\stuff\projects\lukerest\lukerest\debug\ordersbyid.obj
c:\users\lhawk\stuff\projects\lukerest\lukerest\debug\orderplacement.obj
c:\users\lhawk\stuff\projects\lukerest\lukerest\debug\orderfactory.obj
c:\users\lhawk\stuff\projects\lukerest\lukerest\debug\orderdata.obj
c:\users\lhawk\stuff\projects\lukerest\lukerest\debug\order.obj
c:\users\lhawk\stuff\projects\lukerest\lukerest\debug\event.obj
c:\users\lhawk\stuff\projects\lukerest\lukerest\debug\strutil.obj
c:\users\lhawk\stuff\projects\lukerest\lukerest\debug\source.obj
c:\users\lhawk\stuff\projects\lukerest\lukerest\debug\placeorder.obj
c:\users\lhawk\stuff\projects\lukerest\lukerest\debug\handler.obj
c:\users\lhawk\stuff\projects\lukerest\lukerest\debug\getuserbuyingpower.obj
c:\users\lhawk\stuff\projects\lukerest\lukerest\debug\userordercleanup.obj
c:\users\lhawk\stuff\projects\lukerest\lukerest\debug\stocktradingordercleanup.obj
c:\users\lhawk\stuff\projects\lukerest\debug\lukerest.exe
c:\users\lhawk\stuff\projects\lukerest\debug\lukerest.ilk
c:\users\lhawk\stuff\projects\lukerest\debug\lukerest.pdb
c:\users\lhawk\stuff\projects\lukerest\lukerest\debug\lukerest.tlog\cl.command.1.tlog
c:\users\lhawk\stuff\projects\lukerest\lukerest\debug\lukerest.tlog\cl.read.1.tlog
c:\users\lhawk\stuff\projects\lukerest\lukerest\debug\lukerest.tlog\cl.write.1.tlog
c:\users\lhawk\stuff\projects\lukerest\lukerest\debug\lukerest.tlog\link.command.1.tlog
c:\users\lhawk\stuff\projects\lukerest\lukerest\debug\lukerest.tlog\link.read.1.tlog
c:\users\lhawk\stuff\projects\lukerest\lukerest\debug\lukerest.tlog\link.write.1.tlog
